Loading db file '/softslin/AMS_410_CDS/synopsys/c35_3.3V/c35_CORELIB_TYP.db'
Information: Propagating switching activity (low effort zero delay simulation). (PWR-6)
Warning: Design has unannotated primary inputs. (PWR-414)
Warning: Design has unannotated sequential cell outputs. (PWR-415)
 
****************************************
Report : power
        -analysis_effort low
Design : CORDIC_top
Version: J-2014.09-SP2
Date   : Tue Jun  6 09:56:53 2017
****************************************


Library(s) Used:

    c35_CORELIB_TYP (File: /softslin/AMS_410_CDS/synopsys/c35_3.3V/c35_CORELIB_TYP.db)


Operating Conditions: nom_pvt   Library: c35_CORELIB_TYP
Wire Load Model Mode: enclosed

Design        Wire Load Model            Library
------------------------------------------------
CORDIC_top             10k               c35_CORELIB_TYP


Global Operating Voltage = 3.3  
Power-specific unit information :
    Voltage Units = 1V
    Capacitance Units = 1.000000pf
    Time Units = 1ns
    Dynamic Power Units = 1mW    (derived from V,C,T units)
    Leakage Power Units = 1pW


  Cell Internal Power  =   3.3363 mW   (71%)
  Net Switching Power  =   1.3521 mW   (29%)
                         ---------
Total Dynamic Power    =   4.6884 mW  (100%)

Cell Leakage Power     = 751.1390 pW


                 Internal         Switching           Leakage            Total
Power Group      Power            Power               Power              Power   (   %    )  Attrs
--------------------------------------------------------------------------------------------------
io_pad             0.0000            0.0000            0.0000            0.0000  (   0.00%)
memory             0.0000            0.0000            0.0000            0.0000  (   0.00%)
black_box          0.0000            0.0000            0.0000            0.0000  (   0.00%)
clock_network      0.0000            0.0000            0.0000            0.0000  (   0.00%)
register           2.2497            0.4949          303.4531            2.7446  (  58.54%)
sequential         0.0000            0.0000            0.0000            0.0000  (   0.00%)
combinational      1.0865            0.8573          447.6860            1.9438  (  41.46%)
--------------------------------------------------------------------------------------------------
Total              3.3363 mW         1.3521 mW       751.1390 pW         4.6884 mW
1
