
################################################################################
#
# This file has been generated by SpyGlass:
#     Report Name      : no_msg_reporting_rules
#     Report Created by: xph2app003
#     Report Created on:  Tue Jun  6 10:54:53 2017
#     Working Directory: /tp/xph2app/xph2app003/Prj_conception/Design/spy
#     SpyGlass Version : 5.6.0
#     Policy Name      : SpyGlass(5.6.0)
#                        clock-reset(5.6.0)
#
#     Total Number of Generated Messages :          7
#     Number of Waived Messages          :          0
#     Number of Reported Messages        :          7
#     Number of Overlimit Messages       :          0
#
#
################################################################################

NO VIOLATION RULE REPORT :
++++++++++++++++++++++++++++++++++++++++++++++++++++++++++++++++++++++++++++++++

Following rules did not produce any violation or waived off during spyglass run

++++++++++++++++++++++++++++++++++++++++++++++++++++++++++++++++++++++++++++++++


================================================================================
	INDEX                                   RULE-NAME
================================================================================
	1                                  Ac_abstract_validation01
	2                                  Ac_clockperiod01
	3                                  Ac_clockperiod02
	4                                  Ac_clockperiod03
	5                                  Ac_coherency06
	6                                  Ac_conv01
	7                                  Ac_conv03
	8                                  Ac_crossing01
	9                                  Ac_glitch03
	10                                 Ac_resetvalue01
	11                                 Ac_sync01
	12                                 Ac_sync02
	13                                 Ac_unsync01
	14                                 Ac_unsync02
	15                                 Ar_asyncdeassert01
	16                                 Ar_converge01
	17                                 Ar_sync01
	18                                 Ar_syncdeassert01
	19                                 Ar_syncrst_setupcheck01
	20                                 Ar_syncrstactive01
	21                                 Ar_syncrstcombo01
	22                                 Ar_syncrstload01
	23                                 Ar_syncrstload02
	24                                 Ar_syncrstpragma01
	25                                 Ar_syncrstrtl01
	26                                 Ar_unsync01
	27                                 Clock_check10
	28                                 Clock_converge01
	29                                 Clock_info02
	30                                 Clock_info03b
	31                                 Clock_info03c
	32                                 Clock_info05
	33                                 Clock_info05b
	34                                 Clock_info15
	35                                 Clock_sync05
	36                                 Clock_sync06
	37                                 FalsePathSetup
	38                                 Reset_check03
	39                                 Reset_check10
	40                                 Reset_check11
	41                                 Reset_info02
	42                                 Reset_info09a
	43                                 Reset_sync02
	44                                 Reset_sync04
	45                                 SGDC_abstract_mapping01
================================================================================
