
################################################################################
#
# This file has been generated by SpyGlass:
#     Report Name      : moresimple
#     Report Created by: xph2app003
#     Report Created on:  Tue Jun  6 10:53:06 2017
#     Working Directory: /tp/xph2app/xph2app003/Prj_conception/Design/spy
#     SpyGlass Version : 5.6.0
#     Policy Name      : SpyGlass(5.6.0)
#                        clock-reset(5.6.0)
#                        constraints(5.6.0)
#                        latch(5.6.0)
#                        morelint(5.6.0)
#                        openmore(5.6.0)
#                        power_est(5.6.0)
#                        starc(5.6.0)
#                        timing(5.6.0)
#                        txv(5.6.0)
#
#     Total Number of Generated Messages :          1
#     Number of Waived Messages          :          0
#     Number of Reported Messages        :          1
#     Number of Overlimit Messages       :          0
#
#
################################################################################

+++++++++++++++++++++++++++++++++++++++++++++++++++++++++++++++++++++++
MORESIMPLE REPORT:
############### FATAL MESSAGES ############### 
+++++++++++++++++++++++++++++++++++++++++++++++++++++++++++++++++++++++++++++++++
ID       Rule                 Alias    Severity    File    Line    Wt    Message
======================================================================================
[0]      Const_Sanity_Rule             FATAL       N.A.    0       10    No sgdc file specified
+++++++++++++++++++++++++++++++++++++++++++++++++++++++++++++++++++++++++++++++++++++++
