################################################################################
#
# This file has been generated by SpyGlass:
#     Report Created by: xph2app003
#     Report Created on: Tue Jun  6 10:55:44 2017
#     Working Directory: /tp/xph2app/xph2app003/Prj_conception/Design/spy
#     Report Location  : ./spyglass-1/dft/dft_best_practice/spyglass_reports/dft/dft_optional_sgdc.rpt
#     SpyGlass Version : 5.6.0
#     Policy Name      : dft(5.6.0)
#     Comment          : Generated by rule dftOptional_Constraint_Check
#
################################################################################

################################################################################
# Purpose :
#     This file has been generated by DFT-Rule
#     'dft_Optional_Constraint_Check'. It has
#     list of all the missing optional constraint
#     needed by a dft rule.
#     'Optional constraints, however, only affect the rule-behaviour.
################################################################################


################################################################################
# Format :
#     For each top-level module, and for each 'enabled' rule, the 'optional'
#     constraints required are listed. Alongside the constraint name is a '[+]'
#     or a '[-]' to indicate whether that constraint was found or not.
################################################################################
################################################################################
              RULE                       OPTIONAL CONSTRAINT
################################################################################


Current_Design : CORDIC_top.A
----------------------------------------------------------------------
       Info_unused
                                      test_mode[-]
----------------------------------------------------------------------
     Info_testmode
                               clock -testclock[-]
                                      test_mode[-]
----------------------------------------------------------------------
    Info_testclock
                                      test_mode[-]
----------------------------------------------------------------------
      Info_noFault
                                       no_fault[-]
----------------------------------------------------------------------
  Async_02_capture
                                  force_no_scan[-]
                                      scan_wrap[-]
                                      test_mode[-]
----------------------------------------------------------------------
          Async_03
                               clock -testclock[-]
                                      test_mode[-]
----------------------------------------------------------------------
          Async_11
                               clock -testclock[-]
                                      test_mode[-]
----------------------------------------------------------------------
           BIST_01
                               clock -testclock[-]
                                      test_mode[-]
----------------------------------------------------------------------
          Clock_04
                               clock -testclock[-]
                                      test_mode[-]
----------------------------------------------------------------------
          Clock_08
                               clock -testclock[-]
                                          clock[-]
                                      test_mode[-]
----------------------------------------------------------------------
          Clock_09
                               clock -testclock[-]
                                      test_mode[-]
----------------------------------------------------------------------
          Clock_16
                                 balanced_clock[-]
                                      test_mode[-]
----------------------------------------------------------------------
          Clock_21
                               clock -testclock[-]
                                          clock[-]
                                      test_mode[-]
----------------------------------------------------------------------
          Clock_28
                               clock -testclock[-]
                                      test_mode[-]
----------------------------------------------------------------------
          Latch_02
                               clock -testclock[-]
                                      test_mode[-]
----------------------------------------------------------------------
          Latch_08
                               clock -testclock[-]
                                      test_mode[-]
----------------------------------------------------------------------
          Latch_10
                               clock -testclock[-]
                                      test_mode[-]
----------------------------------------------------------------------
       Topology_01
                               clock -testclock[-]
                                      test_mode[-]
----------------------------------------------------------------------
       Topology_02
                               clock -testclock[-]
                                      test_mode[-]
----------------------------------------------------------------------
       Topology_03
                               clock -testclock[-]
                                      test_mode[-]
----------------------------------------------------------------------
       Topology_10
                               clock -testclock[-]
                                      test_mode[-]
----------------------------------------------------------------------
       Topology_13
                               clock -testclock[-]
                                      test_mode[-]
----------------------------------------------------------------------
       Tristate_06
                                     define_tag[-]
                                      test_mode[-]
----------------------------------------------------------------------
