################################################################################
#
# This file has been generated by SpyGlass:
#     Report Created by: xph2app003
#     Report Created on: Tue Jun  6 10:55:43 2017
#     Working Directory: /tp/xph2app/xph2app003/Prj_conception/Design/spy
#     Report Location  : ./spyglass-1/dft/dft_best_practice/spyglass_reports/dft/dft_mandatory_sgdc.rpt
#     SpyGlass Version : 5.6.0
#     Policy Name      : dft(5.6.0)
#     Comment          : Generated by rule dftMandatory_Constraint_Check
#
################################################################################

################################################################################
# Purpose :
#     This file has been generated by DFT-Rule
#     'dftMandatory_Constraint_Check'. It has
#     details of all missing mandatory constraints,
#     and the rules affected by their absence.
#     'Mandatory' constraints are essential to that rule's checking.
################################################################################


################################################################################
# Format :
#     For each top-level module, and for each 'enabled' 
#     rule, the 'mandatory' constraints required are listed.
#     Alongside the constraint name is a '[+]' or a '[-]' to
#     indicate whether that constraint was found or not.
################################################################################
################################################################################
              RULE                      MANDATORY CONSTRAINT
################################################################################


Current_Design : CORDIC_top.A
----------------------------------------------------------------------
    Info_testclock
                               clock -testclock[-]
----------------------------------------------------------------------
          Clock_04
                                          clock[-]
----------------------------------------------------------------------
          Clock_16
                               clock -testclock[-]
----------------------------------------------------------------------
          Clock_17
                               clock -testclock[-]
                                      test_mode[-]
----------------------------------------------------------------------
           Scan_07
                                      test_mode[-]
----------------------------------------------------------------------
 Tristate_07_shift
                                      test_mode[-]
----------------------------------------------------------------------
