################################################################################
#
# This file has been generated by SpyGlass:
#     Report Created by: xph2app003
#     Report Created on: Tue Jun  6 10:55:44 2017
#     Working Directory: /tp/xph2app/xph2app003/Prj_conception/Design/spy
#     Report Location  : ./spyglass-1/dft/dft_best_practice/spyglass_reports/dft/no_fault.rpt
#     SpyGlass Version : 5.6.0
#     Policy Name      : dft(5.6.0)
#     Comment          : Generated by rule Info_noFault
#
################################################################################

################################################################################
# Purpose :
#    List of all faults which are marked as 'no fault' due to 
#    presence of 'no_fault' sgdc command.
#    These faults are not considered in fault coverage calculations
################################################################################


################################################################################
# Format :
#    Design Name : design
#      'number of no-fault faults' <sgdc command>
#        Port | Terminal: Fault name

################################################################################


################################################################################
  Design Name : "CORDIC_top"


  SUMMARY:
  '0' faults are marked as 'no_fault' for design "CORDIC_top"
################################################################################

