################################################################################
#
# This file has been generated by SpyGlass:
#     Report Created by: xph2app003
#     Report Created on: Tue Jun  6 10:55:32 2017
#     Working Directory: /tp/xph2app/xph2app003/Prj_conception/Design/spy
#     Report Location  : ./spyglass-1/dft/dft_scan_ready/spyglass_reports/dft/scan_wrap.rpt
#     SpyGlass Version : 5.6.0
#     Policy Name      : dft(5.6.0)
#     Comment          : Generated by rule Info_scanwrap
#
################################################################################

################################################################################
# Purpose :
#     The report lists all the black-boxes present in design.
#     The report is divided into four sections.
#     Section I:
#     Reports all the black-boxes for which scan_wrap is specified and enabled
#     Section II:
#     Reports all the memory instances for which scan_wrap is inferred when 
#     -dft_set_scan_wrap_on_memory=on. Assumption:
#       1.All the memories will be BIST (Built in self test) inserted.
#     Section III:
#     Reports all the black-boxes for which scan_wrap is not required because:
#       1.All of their input nets are observable.
#       2.All of their output pins are blocked in test_mode so that they do not 
#         drive any downward logic.
#     Section IV:
#     Reports all the potential candidates for scan_wrap.
#     Each such black-box module has an additional information about controllabilty,
#     observability and fault improvement on scan-wrapping that black-box module.
#
#     Improvement achieved by scan-wrapping all candidates is reported
#     in summary section.
#     NOTE : Specifying a black-box as scan_wrap makes the outputs
#     controllable and inputs observable.
################################################################################


################################################################################
# Format :
#     SUMMARY:
#     'M' black-boxes found in design 'designName' for which scan_wrap is specified and enabled
#     'N' memory instances found in design 'designName' for which scan_wrap is inferred
#     'O' black-boxes found in design 'designName' for which scan_wrap is not required
#     'P' potential scan_wrap candidates found in design 'designName'
#     All candidates scan-wrapped # Control Gain : XX ,Observe Gain : XX , Fault Gain : XX
#
#     Section I:   scan_wrap constraint defined and enabled
#        #scan_wrap -name blackBoxModuleName
#                 #instanceName
#
#     Section II: inferred scan_wrap on memories [-dft_set_scan_wrap_on_memory on|off]
#        #scan_wrap -name moduleName
#                 #instanceName
#
#     Section III: scan_wrap not required
#        Module Name: blackBoxModuleName
#                 #instanceName
#
#     Section IV:  potential candidates for scan_wrap
#        scan_wrap -name blackBoxModuleName # Control Gain : XX,  Observe Gain : XX, Fault Gain :XX
#                 #instanceName
#
#      The gain in controllability, observability and fault testability will be obtained
#      if only that module is placed in a scan-wrapper.
################################################################################


##############################################################################
current_design "CORDIC_top.A" 
#SUMMARY: 
#  No black box found in design 'CORDIC_top.A' for which scan_wrap is specified and enabled
#  No memory instances found in design 'CORDIC_top.A' for which scan_wrap is inferred
#  No black box found in design 'CORDIC_top.A' for which scan_wrap is not required
#  No potential scan_wrap candidate found in design 'CORDIC_top.A'
#  All candidate scan-wrapped # Control Gain : 0 , Observe Gain : 0 , Fault Gain : 0 

#Section I: scan_wrap constraint defined and enabled
	# No black box found with enabled scan_wrap

#Section II: inferred scan_wrap on memories [-dft_set_scan_wrap_on_memory on]
	# No memory instances found for which scan_wrap is inferred

#Section III: scan_wrap not required
	# No black box found for which scan_wrap is not required

#Section IV: potential candidates for scan_wrap
	# No potential scan_wrap candidate found
##############################################################################
