
################################################################################
#
# This file has been generated by SpyGlass:
#     Report Name      : moresimple
#     Report Created by: xph2app003
#     Report Created on:  Tue Jun  6 10:55:42 2017
#     Working Directory: /tp/xph2app/xph2app003/Prj_conception/Design/spy
#     SpyGlass Version : 5.6.0
#     Policy Name      : SpyGlass(5.6.0)
#                        dft(5.6.0)
#
#     Total Number of Generated Messages :         11
#     Number of Waived Messages          :          0
#     Number of Reported Messages        :         11
#     Number of Overlimit Messages       :          0
#
#
################################################################################

+++++++++++++++++++++++++++++++++++++++++++++++++++++++++++++++++++++++
MORESIMPLE REPORT:


############### BuiltIn -> RuleGroup=Design Read ###############
+++++++++++++++++++++++++++++++++++++++++++++++++++++++++++++++++++++++++++++++++++++++
ID       Rule                    Alias                   Severity    File                                                                             Line    Wt    Message
======================================================================================
[1]      DetectTopDesignUnits    DetectTopDesignUnits    Info        ../vhd/cordic.vhd                                                                16      2     Architecture CORDIC_top.A is a top level design unit
[0]      ElabSummary             ElabSummary             Info        ./spyglass-1/dft/dft_best_practice/spyglass_reports/SpyGlass/elab_summary.rpt    0       2     Please refer file './spyglass-1/dft/dft_best_practice/spyglass_reports/SpyGlass/elab_summary.rpt' for elab summary report
+++++++++++++++++++++++++++++++++++++++++++++++++++++++++++++++++++++++++++++++++++++++


############### Non-BuiltIn -> Goal=dft/dft_best_practice ###############
+++++++++++++++++++++++++++++++++++++++++++++++++++++++++++++++++++++++++++++++++++++++
ID       Rule                             Alias                         Severity        File                                                                              Line    Wt    Message
======================================================================================
[2]      dftMandatory_Constraint_Check    mandatory_constraint_check    InputWarning    ./spyglass-1/dft/dft_best_practice/spyglass_reports/dft/dft_mandatory_sgdc.rpt    21      10    One or more mandatory constraints missing in module 'CORDIC_top.A'. Please see summary report in the reported file
[A]      Info_DftDebugData                Info_DftDebugData             Info            ../vhd/cordic.vhd                                                                 16      1     DFT data for design block 'CORDIC_top.A'
[9]      Info_noFault                     Info_noFault                  Info            ../vhd/cordic.vhd                                                                 16      1     Constraint 'no_fault' is not specified for design 'CORDIC_top'
[4]      Info_synthRedundant              Info_synthRedundant           Info            ../vhd/cordic.vhd                                                                 16      10    In RTL design : 418 faults in 'CORDIC_top.A' are synthesis redundant
[8]      Info_testclock                   showSimVal                    Info            ../vhd/cordic.vhd                                                                 16      10    Constraint 'clock -testclock' missing in design 'CORDIC_top.A'
[6]      Info_testmode                    showSimVal                    Info            ../vhd/cordic.vhd                                                                 16      10    'Shift mode' simulation value for design 'CORDIC_top.A' is displayed
[7]      Info_testmode                    showSimVal                    Info            ../vhd/cordic.vhd                                                                 16      10    'Capture mode' simulation value for design 'CORDIC_top.A' is displayed
[5]      Info_unused                      Info_unused                   Info            ../vhd/cordic.vhd                                                                 16      10    All faults in 'CORDIC_top.A' are detectable after reachability analysis
[3]      dftOptional_Constraint_Check     optional_constraint_check     Info            ./spyglass-1/dft/dft_best_practice/spyglass_reports/dft/dft_optional_sgdc.rpt     21      10    One or more optional constraints missing in module 'CORDIC_top.A'. Please see summary report in the reported file
+++++++++++++++++++++++++++++++++++++++++++++++++++++++++++++++++++++++++++++++++++++++
