
################################################################################
#
# This file has been generated by SpyGlass:
#     Report Name      : moresimple
#     Report Created by: xph2app003
#     Report Created on:  Thu Jun  8 10:37:10 2017
#     Working Directory: /tp/xph2app/xph2app003/Prj_conception/Design/spy/WORK
#     SpyGlass Version : 5.6.0
#     Policy Name      : SpyGlass(5.6.0)
#                        clock-reset(5.6.0)
#                        erc(5.6.0)
#                        latch(5.6.0)
#                        lint(5.6.0)
#                        morelint(5.6.0)
#                        openmore(5.6.0)
#                        power_est(5.6.0)
#                        simulation(5.6.0)
#                        starc(5.6.0)
#                        starc2005(5.6.0)
#                        timing(5.6.0)
#                        txv(5.6.0)
#
#     Total Number of Generated Messages :          2
#     Number of Waived Messages          :          0
#     Number of Reported Messages        :          2
#     Number of Overlimit Messages       :          0
#
#
################################################################################

+++++++++++++++++++++++++++++++++++++++++++++++++++++++++++++++++++++++
MORESIMPLE REPORT:


############### BuiltIn -> RuleGroup=Design Read ###############
+++++++++++++++++++++++++++++++++++++++++++++++++++++++++++++++++++++++++++++++++++++++
ID       Rule                    Alias                   Severity    File                                                                     Line    Wt    Message
======================================================================================
[1]      DetectTopDesignUnits    DetectTopDesignUnits    Info        ../../vhd/cordic.vhd                                                     16      2     Architecture CORDIC_top.A is a top level design unit
[0]      ElabSummary             ElabSummary             Info        ./CORDIC_top/lint/lint_rtl/spyglass_reports/SpyGlass/elab_summary.rpt    0       2     Please refer file './CORDIC_top/lint/lint_rtl/spyglass_reports/SpyGlass/elab_summary.rpt' for elab summary report
+++++++++++++++++++++++++++++++++++++++++++++++++++++++++++++++++++++++++++++++++++++++
