
################################################################################
#
# This file has been generated by SpyGlass:
#     Report Name      : moresimple
#     Report Created by: xph2app003
#     Report Created on:  Wed Jun 14 18:37:00 2017
#     Working Directory: /tp/xph2app/xph2app003/Prj_conception/Design/spy/WORK
#     SpyGlass Version : 5.6.0
#     Policy Name      : SpyGlass(5.6.0)
#                        lint(5.6.0)
#
#     Total Number of Generated Messages :          6
#     Number of Waived Messages          :          0
#     Number of Reported Messages        :          6
#     Number of Overlimit Messages       :          0
#
#
################################################################################

+++++++++++++++++++++++++++++++++++++++++++++++++++++++++++++++++++++++
MORESIMPLE REPORT:


############### BuiltIn -> RuleGroup=Design Read ###############
+++++++++++++++++++++++++++++++++++++++++++++++++++++++++++++++++++++++++++++++++++++++
ID       Rule                    Alias                   Severity            File                                                                          Line    Wt      Message
======================================================================================
[2]      DetectTopDesignUnits    DetectTopDesignUnits    Info                ../../vhd/cordic.vhd                                                          16      2       Architecture CORDIC_top.A is a top level design unit
[3]      DetectTopDesignUnits    DetectTopDesignUnits    Info                ../../vhd/rom_cordic.vhd                                                      14      2       Architecture ROM_cordic.A is a top level design unit
[1]      SYNTH_12606                                     SynthesisWarning    ../../vhd/rom_cordic.vhd                                                      48      1000    ROM_cordic -> Tried to use a synchronized value
[0]      ElabSummary             ElabSummary             Info                ./CORDIC_top/lint/lint_abstract/spyglass_reports/SpyGlass/elab_summary.rpt    0       2       Please refer file './CORDIC_top/lint/lint_abstract/spyglass_reports/SpyGlass/elab_summary.rpt' for elab summary report
+++++++++++++++++++++++++++++++++++++++++++++++++++++++++++++++++++++++++++++++++++++++


############### Non-BuiltIn -> Goal=lint/lint_abstract ###############
+++++++++++++++++++++++++++++++++++++++++++++++++++++++++++++++++++++++++++++++++++++++
ID       Rule               Alias    Severity    File                                                                                                   Line    Wt    Message
======================================================================================
[4]      LINT_abstract01             Info        ./CORDIC_top/lint/lint_abstract/spyglass_reports/abstract_view/CORDIC_top_Nb_b_8_lint_abstract.sgdc    0       2     Abstract view for design 'CORDIC_top' succesfully created
[5]      LINT_abstract01             Info        ./CORDIC_top/lint/lint_abstract/spyglass_reports/abstract_view/ROM_cordic_lint_abstract.sgdc           0       2     Abstract view for design 'ROM_cordic' succesfully created
+++++++++++++++++++++++++++++++++++++++++++++++++++++++++++++++++++++++++++++++++++++++
