
################################################################################
#
# This file has been generated by SpyGlass:
#     Report Created by: xph2app003
#     Report Created on: Tue Jun  6 10:57:54 2017
#     Working Directory: /tp/xph2app/xph2app003/Prj_conception/Design/spy
#     Report Location  : ./spyglass-1/power/power_fix_verify/spyglass_reports/power_est/power_fix_verify_summary.rpt
#     SpyGlass Version : 5.6.0
#     Policy Name      : power_est(5.6.0)
#
################################################################################
Power reduction goal run either does not exist or does not contain the SpyGlass generated files. Run Power reduction goal prior to 'power_fix_verify' run
 Please see the ./spyglass-1/power/power_fix_verify/spyglass.log for more details
################################################################################
#
# This file has been generated by SpyGlass:
#     Report Created by: xph2app003
#     Report Created on: Tue Jun  6 10:57:54 2017
#     Working Directory: /tp/xph2app/xph2app003/Prj_conception/Design/spy
#     Report Location  : ./spyglass-1/power/power_fix_verify/spyglass_reports/power_est/power_fix_verify_summary.rpt
#     SpyGlass Version : 5.6.0
#     Policy Name      : power_est(5.6.0)
#
################################################################################
Could not check out the license token power_fixso needed for RTL AutoFix feature.
 Please see the ./spyglass-1/power/power_fix_verify/spyglass.log for more details