
################################################################################
#
# This file has been generated by SpyGlass:
#     Report Name      : no_msg_reporting_rules
#     Report Created by: xph2app003
#     Report Created on:  Tue Jun  6 10:52:14 2017
#     Working Directory: /tp/xph2app/xph2app003/Prj_conception/Design/spy
#     SpyGlass Version : 5.6.0
#     Policy Name      : SpyGlass(5.6.0)
#                        clock-reset(5.6.0)
#                        constraints(5.6.0)
#                        latch(5.6.0)
#                        morelint(5.6.0)
#                        openmore(5.6.0)
#                        power_est(5.6.0)
#                        starc(5.6.0)
#                        timing(5.6.0)
#                        txv(5.6.0)
#
#     Total Number of Generated Messages :          1
#     Number of Waived Messages          :          0
#     Number of Reported Messages        :          1
#     Number of Overlimit Messages       :          0
#
#
################################################################################

NO VIOLATION RULE REPORT :
++++++++++++++++++++++++++++++++++++++++++++++++++++++++++++++++++++++++++++++++

Following rules did not produce any violation or waived off during spyglass run

++++++++++++++++++++++++++++++++++++++++++++++++++++++++++++++++++++++++++++++++


================================================================================
	INDEX                                   RULE-NAME
================================================================================
	1                                  Clk_Gen01a
	2                                  Clk_Gen01b
	3                                  Clk_Gen02
	4                                  Clk_Gen03
	5                                  Clk_Gen05
	6                                  Clk_Gen06
	7                                  Clk_Gen08
	8                                  Clk_Gen09
	9                                  Clk_Gen22
	10                                 Clk_Gen23
	11                                 Clk_Lat08
	12                                 Clk_Uncert01
	13                                 Clk_Uncert03
	14                                 Clk_Uncert06
	15                                 Combo_Paths01
	16                                 Combo_Paths02
	17                                 Combo_Paths03
	18                                 Const_Struct04a
	19                                 Const_Struct05
	20                                 Inp_Del01b
	21                                 Inp_Del03a
	22                                 Inp_Del08
	23                                 Inp_Trans01a
	24                                 Load02a
	25                                 Op_Del01b
	26                                 Op_Del03a
	27                                 Op_Del08
	28                                 SDC_Methodology07
	29                                 SDC_Methodology66
	30                                 SDC_Methodology67
	31                                 Show_Case_Analysis
	32                                 Show_Clock_Propagation
================================================================================
