
################################################################################
#
# This file has been generated by SpyGlass:
#     Report Created by: xph2app003
#     Report Created on: Tue Jun  6 10:56:52 2017
#     Working Directory: /tp/xph2app/xph2app003/Prj_conception/Design/spy
#     Report Location  : ./spyglass-1/power/power_gen_pesd/spyglass_reports/power_est/pe_power_essential_signals.rpt
#     SpyGlass Version : 5.6.0
#     Policy Name      : power_est(5.6.0)
#
################################################################################
################################################################################
##  This file contains the list of those signals in the design which are      ##
##  essential to be present in a simulation file so that power estimation can ##
##  be performed with reasonable accuracy and simultaneously significant      ##
##  reduction in simulation data size can be achieved.                        ##
################################################################################

#Power-Essential signals in the design
#####################################################################
CORDIC_top.X
CORDIC_top.X1
CORDIC_top.X2
CORDIC_top.X3
CORDIC_top.X4
CORDIC_top.X5
CORDIC_top.X6
CORDIC_top.Y
CORDIC_top.Y1
CORDIC_top.Y2
CORDIC_top.Y3
CORDIC_top.Y4
CORDIC_top.Y5
CORDIC_top.Y6
CORDIC_top.Z0
CORDIC_top.Z1
CORDIC_top.Z2
CORDIC_top.Z3
CORDIC_top.Z4
CORDIC_top.Z5
CORDIC_top.Z6
CORDIC_top.clk
CORDIC_top.reset_n
