
################################################################################
#
# This file has been generated by SpyGlass:
#     Report Name      : no_msg_reporting_rules
#     Report Created by: xph2app003
#     Report Created on:  Tue Jun  6 10:52:49 2017
#     Working Directory: /tp/xph2app/xph2app003/Prj_conception/Design/spy
#     SpyGlass Version : 5.6.0
#     Policy Name      : SpyGlass(5.6.0)
#                        clock-reset(5.6.0)
#                        constraints(5.6.0)
#                        latch(5.6.0)
#                        morelint(5.6.0)
#                        openmore(5.6.0)
#                        power_est(5.6.0)
#                        starc(5.6.0)
#                        timing(5.6.0)
#                        txv(5.6.0)
#
#     Total Number of Generated Messages :          1
#     Number of Waived Messages          :          0
#     Number of Reported Messages        :          1
#     Number of Overlimit Messages       :          0
#
#
################################################################################

NO VIOLATION RULE REPORT :
++++++++++++++++++++++++++++++++++++++++++++++++++++++++++++++++++++++++++++++++

Following rules did not produce any violation or waived off during spyglass run

++++++++++++++++++++++++++++++++++++++++++++++++++++++++++++++++++++++++++++++++


================================================================================
	INDEX                                   RULE-NAME
================================================================================
	1                                  Clk_Gen21
	2                                  Clk_Trans16
	3                                  Clk_Uncert07
	4                                  Disable_Timing02
	5                                  False_Path03
	6                                  False_Path04a
	7                                  High_Fan03b
	8                                  High_Fan03a
	9                                  Inp_Del07a
	10                                 Inp_Del09
	11                                 MCP03
	12                                 MCP04a
	13                                 Op_Del07a
	14                                 Op_Del09
	15                                 SDC_Report01
	16                                 Show_Case_Analysis
	17                                 Show_Clock_Propagation
================================================================================
