
################################################################################
#
# This file has been generated by SpyGlass:
#     Report Name      : no_msg_reporting_rules
#     Report Created by: xph2app003
#     Report Created on:  Tue Jun  6 10:53:46 2017
#     Working Directory: /tp/xph2app/xph2app003/Prj_conception/Design/spy
#     SpyGlass Version : 5.6.0
#     Policy Name      : SpyGlass(5.6.0)
#                        clock-reset(5.6.0)
#                        constraints(5.6.0)
#                        latch(5.6.0)
#                        morelint(5.6.0)
#                        openmore(5.6.0)
#                        power_est(5.6.0)
#                        starc(5.6.0)
#                        timing(5.6.0)
#                        txv(5.6.0)
#
#     Total Number of Generated Messages :          1
#     Number of Waived Messages          :          0
#     Number of Reported Messages        :          1
#     Number of Overlimit Messages       :          0
#
#
################################################################################

NO VIOLATION RULE REPORT :
++++++++++++++++++++++++++++++++++++++++++++++++++++++++++++++++++++++++++++++++

Following rules did not produce any violation or waived off during spyglass run

++++++++++++++++++++++++++++++++++++++++++++++++++++++++++++++++++++++++++++++++


================================================================================
	INDEX                                   RULE-NAME
================================================================================
	1                                  MCP_Check01
	2                                  Txv_Info01
	3                                  Txv_Info05
	4                                  Txv_Info06
	5                                  Txv_MCP01
	6                                  Txv_MCP_StartEnd01
	7                                  Txv_MCP_Warn05
	8                                  Txv_resetvalue01
================================================================================
