Instance :CORDIC_top.cell1
Module :CELL.A
Total Register Count:24
Count of Registers having enable:0
Registers With No Enables:24


Instance :CORDIC_top.cell2
Module :CELL.A
Total Register Count:24
Count of Registers having enable:0
Registers With No Enables:24


Instance :CORDIC_top.cell3
Module :CELL.A
Total Register Count:24
Count of Registers having enable:0
Registers With No Enables:24


Instance :CORDIC_top.cell4
Module :CELL.A
Total Register Count:24
Count of Registers having enable:0
Registers With No Enables:24


Instance :CORDIC_top.cell5
Module :CELL.A
Total Register Count:24
Count of Registers having enable:0
Registers With No Enables:24


Instance :CORDIC_top.cell6
Module :CELL.A
Total Register Count:24
Count of Registers having enable:0
Registers With No Enables:24


Count of total Registers in Design : 144
Count of total enabled Registers in Design : 0
