################################################################################
#
# This file has been generated by SpyGlass:
#     Report Created by: xph2app003
#     Report Created on: Tue Jun  6 10:55:32 2017
#     Working Directory: /tp/xph2app/xph2app003/Prj_conception/Design/spy
#     Report Location  : ./spyglass-1/dft/dft_scan_ready/spyglass_reports/dft/dft_corrective_sgdc.rpt
#     SpyGlass Version : 5.6.0
#     Policy Name      : dft(5.6.0)
#     Comment          : Generated by rule Async_07
#
################################################################################

################################################################################
# Purpose :
#     The report contains list of constraints from which user 
#     can choose for suppressing the concerned rules.
#     These constraint are in addition to the constraints
#     (if specified by user in constraint file).
#     Note: For testmode constraint generation power ground
#           nets are not considered.
################################################################################


################################################################################
# Format :
#     Name of the design and the constraints are listed
################################################################################
################################################################################
#
#  This file has been generated by the SpyGlass SGDC decompile routine
#

#Design Constraints :

#Waive Constraints :
waive -rule _domainInfo _domainAnalysis2 --delete_internal_use_only 

current_design CORDIC_top.A
                 clock -testclock -name "CORDIC_top.clk" -value rtz
         #Affects :
         #Clock_11 : Pulses 144 flip-flops.
