
################################################################################
#
# This file has been generated by SpyGlass:
#     Report Name      : moresimple
#     Report Created by: xph2app003
#     Report Created on:  Tue Jun  6 10:57:54 2017
#     Working Directory: /tp/xph2app/xph2app003/Prj_conception/Design/spy
#     SpyGlass Version : 5.6.0
#     Policy Name      : SpyGlass(5.6.0)
#                        power_est(5.6.0)
#
#     Total Number of Generated Messages :          3
#     Number of Waived Messages          :          0
#     Number of Reported Messages        :          3
#     Number of Overlimit Messages       :          0
#
#
################################################################################

+++++++++++++++++++++++++++++++++++++++++++++++++++++++++++++++++++++++
MORESIMPLE REPORT:
############### FATAL MESSAGES ############### 
+++++++++++++++++++++++++++++++++++++++++++++++++++++++++++++++++++++++++++++++++
ID       Rule         Alias    Severity    File    Line    Wt    Message
======================================================================================
[1]      PECHECK54             FATAL       N.A.    0       10    Power reduction goal run either does not exist or does not contain the SpyGlass generated files. Run Power reduction goal prior to 'power_fix_verify' run
[2]      PECHECK24             FATAL       N.A.    0       10    Could not check out the license token 'power_fixso' needed for RTL AutoFix feature.
+++++++++++++++++++++++++++++++++++++++++++++++++++++++++++++++++++++++++++++++++++++++


############### BuiltIn -> RuleGroup=Command-line read ###############
+++++++++++++++++++++++++++++++++++++++++++++++++++++++++++++++++++++++++++++++++++++++
ID       Rule                     Alias          Severity    File    Line    Wt    Message
======================================================================================
[0]      checkCMD_unset_option    UnsetOption    Warning     N.A.    0       10    Option/Parameter 'enable_save_restore': Feature 'save-restore' is not supported with option 'disallow_view_delete'.Disabling all 'save-restore' related options
+++++++++++++++++++++++++++++++++++++++++++++++++++++++++++++++++++++++++++++++++++++++
