################################################################################
#
# This file has been generated by SpyGlass:
#     Report Created by: xph2app003
#     Report Created on: Tue Jun  6 10:56:07 2017
#     Working Directory: /tp/xph2app/xph2app003/Prj_conception/Design/spy
#     Report Location  : ./spyglass-1/dft/dft_dsm_best_practice/spyglass_reports/dft/ff_async_reconvergence.rpt
#     SpyGlass Version : 5.6.0
#     Policy Name      : dft(5.6.0)
#     Comment          : Generated by rule Atspeed_25
#
################################################################################

################################################################################
# Purpose :
#    List of all combinational path which reconvergences
#    at asynchronous pins of flip-flops.
################################################################################


################################################################################
# Format :
#    The name of the start net and end net are given
#    followed by the details of the reconvergence path
################################################################################

################################################################################
#SUMMARY : 
#	design : CORDIC_top.A 
#	mode   : capture_atspeed
#        No reconverging logic found.
################################################################################
