################################################################################
#
# This file has been generated by SpyGlass:
#     Report Created by: xph2app003
#     Report Created on: Tue Jun  6 10:55:55 2017
#     Working Directory: /tp/xph2app/xph2app003/Prj_conception/Design/spy
#     Report Location  : ./spyglass-1/dft/dft_dsm_clocks/spyglass_reports/dft_dsm/atspeed_07.rpt
#     SpyGlass Version : 5.6.0
#     Policy Name      : dft_dsm(5.6.0)
#     Comment          : Generated by rule Atspeed_07
#
################################################################################

################################################################################
# Purpose :
#     Atspeed_07 Report.
#     Lists the at-speed test clocks which are 
#     gated by the same set of logic.

################################################################################

################################################################################



################################################################################
# End of file
################################################################################

