#Internal options
--bbox_model BBOX_LIBCELL
--bbox_model BBOX_TRANSLATED_UDP
--template_info power/power_fix_verify
-lib SYNOPSYS=>/softl3/spyglass5_6_0/SpyGlass-5.6.0/SPYGLASS_HOME/vhdl_libs/Linux4/SYNOPSYS
-report moresimple
-report runsummary
-vhdl_files ../vhd/cell.vhd
-vhdl_files ../vhd/cordic.vhd
--define_cell_sim_depth 10
--enable_submode classic1
--sgdc_qm_delimiter %!@^&*;/~?<>+=|
-blackboxdir inout
-debuglevel 0
-dump_precompile_builtin on
-gateslibtype 0
-logfile ./spyglass-1/power/power_fix_verify/spyglass.log
-mthresh 4096
-sortmethod du
-vdbfile ./spyglass-1/power/power_fix_verify/spyglass.vdb
-work WORK
-64bit SGNA
--strict_sgdc_check SGNA
-inferblackbox SGNA
