
################################################################################
#
# This file has been generated by SpyGlass:
#     Report Name      : no_msg_reporting_rules
#     Report Created by: xph2app003
#     Report Created on:  Tue Jun  6 11:16:42 2017
#     Working Directory: /tp/xph2app/xph2app003/Prj_conception/Design/spy
#     SpyGlass Version : 5.6.0
#     Policy Name      : SpyGlass(5.6.0)
#
#     Total Number of Generated Messages :          2
#     Number of Waived Messages          :          0
#     Number of Reported Messages        :          2
#     Number of Overlimit Messages       :          0
#
#
################################################################################

NO VIOLATION RULE REPORT :
++++++++++++++++++++++++++++++++++++++++++++++++++++++++++++++++++++++++++++++++

Following rules did not produce any violation or waived off during spyglass run

++++++++++++++++++++++++++++++++++++++++++++++++++++++++++++++++++++++++++++++++


================================================================================
	INDEX                                   RULE-NAME
================================================================================
	1                                  ZeroSizeFile
================================================================================
