
################################################################################
#
# This file has been generated by SpyGlass:
#     Report Name      : no_msg_reporting_rules
#     Report Created by: xph2app003
#     Report Created on:  Tue Jun  6 10:56:05 2017
#     Working Directory: /tp/xph2app/xph2app003/Prj_conception/Design/spy
#     SpyGlass Version : 5.6.0
#     Policy Name      : SpyGlass(5.6.0)
#                        dft(5.6.0)
#                        dft_dsm(5.6.0)
#
#     Total Number of Generated Messages :         19
#     Number of Waived Messages          :          0
#     Number of Reported Messages        :         19
#     Number of Overlimit Messages       :          0
#
#
################################################################################

NO VIOLATION RULE REPORT :
++++++++++++++++++++++++++++++++++++++++++++++++++++++++++++++++++++++++++++++++

Following rules did not produce any violation or waived off during spyglass run

++++++++++++++++++++++++++++++++++++++++++++++++++++++++++++++++++++++++++++++++


================================================================================
	INDEX                                   RULE-NAME
================================================================================
	1                                  Atspeed_03
	2                                  Atspeed_04
	3                                  Atspeed_06
	4                                  Atspeed_09
	5                                  Atspeed_19
	6                                  Atspeed_20
	7                                  Diagnose_02
	8                                  Diagnose_03
	9                                  Diagnose_04
================================================================================
