
################################################################################
#
# This file has been generated by SpyGlass:
#     Report Name      : no_msg_reporting_rules
#     Report Created by: xph2app003
#     Report Created on:  Tue Jun  6 10:55:42 2017
#     Working Directory: /tp/xph2app/xph2app003/Prj_conception/Design/spy
#     SpyGlass Version : 5.6.0
#     Policy Name      : SpyGlass(5.6.0)
#                        dft(5.6.0)
#
#     Total Number of Generated Messages :         11
#     Number of Waived Messages          :          0
#     Number of Reported Messages        :         11
#     Number of Overlimit Messages       :          0
#
#
################################################################################

NO VIOLATION RULE REPORT :
++++++++++++++++++++++++++++++++++++++++++++++++++++++++++++++++++++++++++++++++

Following rules did not produce any violation or waived off during spyglass run

++++++++++++++++++++++++++++++++++++++++++++++++++++++++++++++++++++++++++++++++


================================================================================
	INDEX                                   RULE-NAME
================================================================================
	1                                  Async_02_capture
	2                                  Async_03
	3                                  Async_11
	4                                  BIST_01
	5                                  Clock_04
	6                                  Clock_08
	7                                  Clock_09
	8                                  Clock_16
	9                                  Clock_17
	10                                 Clock_21
	11                                 Clock_27
	12                                 Clock_28
	13                                 Latch_02
	14                                 Latch_08
	15                                 Latch_10
	16                                 Scan_07
	17                                 Topology_01
	18                                 Topology_02
	19                                 Topology_03
	20                                 Topology_05
	21                                 Topology_10
	22                                 Topology_13
	23                                 Tristate_06
	24                                 Tristate_07_shift
================================================================================
