
################################################################################
#
# This file has been generated by SpyGlass:
#     Report Name      : no_msg_reporting_rules
#     Report Created by: xph2app003
#     Report Created on:  Tue Jun  6 10:54:24 2017
#     Working Directory: /tp/xph2app/xph2app003/Prj_conception/Design/spy
#     SpyGlass Version : 5.6.0
#     Policy Name      : SpyGlass(5.6.0)
#                        clock-reset(5.6.0)
#                        latch(5.6.0)
#                        morelint(5.6.0)
#                        openmore(5.6.0)
#                        power_est(5.6.0)
#                        starc(5.6.0)
#                        timing(5.6.0)
#                        txv(5.6.0)
#
#     Total Number of Generated Messages :          6
#     Number of Waived Messages          :          0
#     Number of Reported Messages        :          6
#     Number of Overlimit Messages       :          0
#
#
################################################################################

NO VIOLATION RULE REPORT :
++++++++++++++++++++++++++++++++++++++++++++++++++++++++++++++++++++++++++++++++

Following rules did not produce any violation or waived off during spyglass run

++++++++++++++++++++++++++++++++++++++++++++++++++++++++++++++++++++++++++++++++


================================================================================
	INDEX                                   RULE-NAME
================================================================================
	1                                  Ac_resetvalue01
	2                                  Ar_converge01
	3                                  Ar_syncrst_setupcheck01
	4                                  Clock_check10
	5                                  Clock_converge01
	6                                  Clock_info02
	7                                  Clock_info03b
	8                                  Clock_info03c
	9                                  Clock_info05
	10                                 Clock_info05b
	11                                 Clock_info15
	12                                 FalsePathSetup
	13                                 Reset_check03
	14                                 Reset_check10
	15                                 Reset_check11
	16                                 Reset_info02
	17                                 Reset_info09a
================================================================================
