
################################################################################
#
# This file has been generated by SpyGlass:
#     Report Name      : moresimple
#     Report Created by: xph2app003
#     Report Created on:  Tue Jun  6 10:55:06 2017
#     Working Directory: /tp/xph2app/xph2app003/Prj_conception/Design/spy
#     SpyGlass Version : 5.6.0
#     Policy Name      : SpyGlass(5.6.0)
#                        clock-reset(5.6.0)
#
#     Total Number of Generated Messages :          7
#     Number of Waived Messages          :          0
#     Number of Reported Messages        :          7
#     Number of Overlimit Messages       :          0
#
#
################################################################################

+++++++++++++++++++++++++++++++++++++++++++++++++++++++++++++++++++++++
MORESIMPLE REPORT:


############### BuiltIn -> RuleGroup=Design Read ###############
+++++++++++++++++++++++++++++++++++++++++++++++++++++++++++++++++++++++++++++++++++++++
ID       Rule                    Alias                   Severity    File                                                                      Line    Wt    Message
======================================================================================
[1]      DetectTopDesignUnits    DetectTopDesignUnits    Info        ../vhd/cordic.vhd                                                         16      2     Architecture CORDIC_top.A is a top level design unit
[0]      ElabSummary             ElabSummary             Info        ./spyglass-1/cdc/cdc_verify/spyglass_reports/SpyGlass/elab_summary.rpt    0       2     Please refer file './spyglass-1/cdc/cdc_verify/spyglass_reports/SpyGlass/elab_summary.rpt' for elab summary report
[3]      Info_Case_Analysis      showSimVal              Info        ../vhd/cordic.vhd                                                         16      10    Information for set_case_analysis value propagation for design 'CORDIC_top.A' is displayed
+++++++++++++++++++++++++++++++++++++++++++++++++++++++++++++++++++++++++++++++++++++++


############### Non-BuiltIn -> Goal=cdc/cdc_verify ###############
+++++++++++++++++++++++++++++++++++++++++++++++++++++++++++++++++++++++++++++++++++++++
ID       Rule                    Alias    Severity    File                                                                               Line    Wt    Message
======================================================================================
[5]      Clock_info03a                    Error       ../vhd/cell.vhd                                                                    48      2     Clock-Net 'CORDIC_top.clk' is unconstrained
[6]      Reset_check12                    Error       N.A.                                                                               0       10    For design unit 'CORDIC_top.A', no SGDC command found for Asynchronous Reset with active value
[2]      Setup_clockreset01               Warning     ../vhd/cordic.vhd                                                                  16      2     Clocks have not been specified for the design 'CORDIC_top.A'
[4]      Setup_quasi_static01             Info        ./spyglass-1/cdc/cdc_verify/spyglass_reports/clock-reset/auto_quasi_static.sgdc    25      2     For design 'CORDIC_top', '0' quasi_static constraint(s) inferred
+++++++++++++++++++++++++++++++++++++++++++++++++++++++++++++++++++++++++++++++++++++++
