
################################################################################
#
# This file has been generated by SpyGlass:
#     Report Name      : no_msg_reporting_rules
#     Report Created by: xph2app003
#     Report Created on:  Tue Jun  6 10:55:06 2017
#     Working Directory: /tp/xph2app/xph2app003/Prj_conception/Design/spy
#     SpyGlass Version : 5.6.0
#     Policy Name      : SpyGlass(5.6.0)
#                        clock-reset(5.6.0)
#
#     Total Number of Generated Messages :          7
#     Number of Waived Messages          :          0
#     Number of Reported Messages        :          7
#     Number of Overlimit Messages       :          0
#
#
################################################################################

NO VIOLATION RULE REPORT :
++++++++++++++++++++++++++++++++++++++++++++++++++++++++++++++++++++++++++++++++

Following rules did not produce any violation or waived off during spyglass run

++++++++++++++++++++++++++++++++++++++++++++++++++++++++++++++++++++++++++++++++


================================================================================
	INDEX                                   RULE-NAME
================================================================================
	1                                  Ac_clockperiod01
	2                                  Ac_clockperiod02
	3                                  Ac_clockperiod03
	4                                  Ac_coherency06
	5                                  Ac_conv01
	6                                  Ac_conv03
	7                                  Ac_crossing01
	8                                  Ac_glitch03
	9                                  Ac_resetvalue01
	10                                 Ac_sync01
	11                                 Ac_sync02
	12                                 Ac_unsync01
	13                                 Ac_unsync02
	14                                 Ar_asyncdeassert01
	15                                 Ar_converge01
	16                                 Ar_sync01
	17                                 Ar_syncdeassert01
	18                                 Ar_syncrst_setupcheck01
	19                                 Ar_syncrstactive01
	20                                 Ar_syncrstcombo01
	21                                 Ar_syncrstload01
	22                                 Ar_syncrstload02
	23                                 Ar_syncrstpragma01
	24                                 Ar_syncrstrtl01
	25                                 Ar_unsync01
	26                                 Clock_check10
	27                                 Clock_converge01
	28                                 Clock_info02
	29                                 Clock_info03b
	30                                 Clock_info03c
	31                                 Clock_info05
	32                                 Clock_info05b
	33                                 Clock_info15
	34                                 Clock_sync05
	35                                 Clock_sync06
	36                                 FalsePathSetup
	37                                 Reset_check03
	38                                 Reset_check10
	39                                 Reset_check11
	40                                 Reset_info02
	41                                 Reset_info09a
	42                                 Reset_sync02
	43                                 Reset_sync04
================================================================================
