
################################################################################
#
# This file has been generated by SpyGlass:
#     Report Name      : moresimple
#     Report Created by: xph2app003
#     Report Created on:  Tue Jun  6 10:55:19 2017
#     Working Directory: /tp/xph2app/xph2app003/Prj_conception/Design/spy
#     SpyGlass Version : 5.6.0
#     Policy Name      : SpyGlass(5.6.0)
#                        clock-reset(5.6.0)
#
#     Total Number of Generated Messages :          5
#     Number of Waived Messages          :          0
#     Number of Reported Messages        :          5
#     Number of Overlimit Messages       :          0
#
#
################################################################################

+++++++++++++++++++++++++++++++++++++++++++++++++++++++++++++++++++++++
MORESIMPLE REPORT:


############### BuiltIn -> RuleGroup=Design Read ###############
+++++++++++++++++++++++++++++++++++++++++++++++++++++++++++++++++++++++++++++++++++++++
ID       Rule                    Alias                   Severity    File                                                                        Line    Wt    Message
======================================================================================
[1]      DetectTopDesignUnits    DetectTopDesignUnits    Info        ../vhd/cordic.vhd                                                           16      2     Architecture CORDIC_top.A is a top level design unit
[0]      ElabSummary             ElabSummary             Info        ./spyglass-1/cdc/cdc_abstract/spyglass_reports/SpyGlass/elab_summary.rpt    0       2     Please refer file './spyglass-1/cdc/cdc_abstract/spyglass_reports/SpyGlass/elab_summary.rpt' for elab summary report
[3]      Info_Case_Analysis      showSimVal              Info        ../vhd/cordic.vhd                                                           16      10    Information for set_case_analysis value propagation for design 'CORDIC_top.A' is displayed
+++++++++++++++++++++++++++++++++++++++++++++++++++++++++++++++++++++++++++++++++++++++


############### Non-BuiltIn -> Goal=cdc/cdc_abstract ###############
+++++++++++++++++++++++++++++++++++++++++++++++++++++++++++++++++++++++++++++++++++++++
ID       Rule                  Alias    Severity    File                                                                                              Line    Wt    Message
======================================================================================
[2]      Setup_clockreset01             Warning     ../vhd/cordic.vhd                                                                                 16      2     Clocks have not been specified for the design 'CORDIC_top.A'
[4]      Ac_abstract01                  Info        ./spyglass-1/cdc/cdc_abstract/spyglass_reports/abstract_view/CORDIC_top_Nb_8_cdc_abstract.sgdc    0       2     Abstracted sgdc file for module 'CORDIC_top' is generated
+++++++++++++++++++++++++++++++++++++++++++++++++++++++++++++++++++++++++++++++++++++++
