
################################################################################
#
# This file has been generated by SpyGlass:
#     Report Name      : no_msg_reporting_rules
#     Report Created by: xph2app003
#     Report Created on:  Tue Jun  6 10:55:53 2017
#     Working Directory: /tp/xph2app/xph2app003/Prj_conception/Design/spy
#     SpyGlass Version : 5.6.0
#     Policy Name      : SpyGlass(5.6.0)
#                        dft(5.6.0)
#                        dft_dsm(5.6.0)
#
#     Total Number of Generated Messages :         13
#     Number of Waived Messages          :          0
#     Number of Reported Messages        :         13
#     Number of Overlimit Messages       :          0
#
#
################################################################################

NO VIOLATION RULE REPORT :
++++++++++++++++++++++++++++++++++++++++++++++++++++++++++++++++++++++++++++++++

Following rules did not produce any violation or waived off during spyglass run

++++++++++++++++++++++++++++++++++++++++++++++++++++++++++++++++++++++++++++++++


================================================================================
	INDEX                                   RULE-NAME
================================================================================
	1                                  Atspeed_07
	2                                  Atspeed_14
	3                                  Atspeed_22
	4                                  Atspeed_30
	5                                  CG_01_atspeed
	6                                  CG_01_capture
	7                                  CG_01_shift
	8                                  CG_02_atspeed
	9                                  CG_02_capture
	10                                 CG_03_atspeed
	11                                 CG_03_capture
	12                                 CG_07
================================================================================
