
################################################################################
#
# This file has been generated by SpyGlass:
#     Report Name      : no_msg_reporting_rules
#     Report Created by: xph2app003
#     Report Created on:  Tue Jun  6 10:54:40 2017
#     Working Directory: /tp/xph2app/xph2app003/Prj_conception/Design/spy
#     SpyGlass Version : 5.6.0
#     Policy Name      : SpyGlass(5.6.0)
#                        clock-reset(5.6.0)
#                        timing(5.6.0)
#
#     Total Number of Generated Messages :          4
#     Number of Waived Messages          :          0
#     Number of Reported Messages        :          4
#     Number of Overlimit Messages       :          0
#
#
################################################################################

NO VIOLATION RULE REPORT :
++++++++++++++++++++++++++++++++++++++++++++++++++++++++++++++++++++++++++++++++

Following rules did not produce any violation or waived off during spyglass run

++++++++++++++++++++++++++++++++++++++++++++++++++++++++++++++++++++++++++++++++


================================================================================
	INDEX                                   RULE-NAME
================================================================================
	1                                  Ar_converge01
	2                                  ClockEnableRace
	3                                  Clock_Reset_check01
	4                                  Clock_Reset_check02
	5                                  Clock_Reset_check03
	6                                  Clock_Reset_info01
	7                                  Clock_check01
	8                                  Clock_check04
	9                                  Clock_converge01
	10                                 Clock_glitch02
	11                                 Clock_glitch03
	12                                 Clock_glitch04
	13                                 Clock_info05b
	14                                 Reset_check01
	15                                 Reset_check02
	16                                 Reset_check03
	17                                 Reset_check04
	18                                 Reset_check06
	19                                 Reset_check07
================================================================================
